 - - [09/Nov/2023:09:29:20 +0000] "GET / HTTP/1.0" 302 0 "-" "Mozilla/5.0 (iPhone; CPU iPhone OS 16_6_1 like Mac OS X) AppleWebKit/605.1.15 (KHTML, like Gecko) Version/16.6 Mobile/15E148 Safari/604.1"
 - - [09/Nov/2023:09:29:21 +0000] "GET /login/?next=/ HTTP/1.0" 200 697 "-" "Mozilla/5.0 (iPhone; CPU iPhone OS 16_6_1 like Mac OS X) AppleWebKit/605.1.15 (KHTML, like Gecko) Version/16.6 Mobile/15E148 Safari/604.1"
 - - [09/Nov/2023:09:29:40 +0000] "POST /login/ HTTP/1.0" 302 0 "http://nakanishi-room.com/login/?next=/" "Mozilla/5.0 (iPhone; CPU iPhone OS 16_6_1 like Mac OS X) AppleWebKit/605.1.15 (KHTML, like Gecko) Version/16.6 Mobile/15E148 Safari/604.1"
 - - [09/Nov/2023:09:29:41 +0000] "GET / HTTP/1.0" 200 343 "http://nakanishi-room.com/login/?next=/" "Mozilla/5.0 (iPhone; CPU iPhone OS 16_6_1 like Mac OS X) AppleWebKit/605.1.15 (KHTML, like Gecko) Version/16.6 Mobile/15E148 Safari/604.1"
 - - [09/Nov/2023:09:29:42 +0000] "GET /api/videos/ HTTP/1.0" 200 212 "http://nakanishi-room.com/" "Mozilla/5.0 (iPhone; CPU iPhone OS 16_6_1 like Mac OS X) AppleWebKit/605.1.15 (KHTML, like Gecko) Version/16.6 Mobile/15E148 Safari/604.1"
 - - [09/Nov/2023:09:29:47 +0000] "POST /api/start-camera HTTP/1.0" 200 47 "http://nakanishi-room.com/" "Mozilla/5.0 (iPhone; CPU iPhone OS 16_6_1 like Mac OS X) AppleWebKit/605.1.15 (KHTML, like Gecko) Version/16.6 Mobile/15E148 Safari/604.1"
 - - [09/Nov/2023:09:30:02 +0000] "POST /api/stop-camera HTTP/1.0" 200 55 "http://nakanishi-room.com/" "Mozilla/5.0 (iPhone; CPU iPhone OS 16_6_1 like Mac OS X) AppleWebKit/605.1.15 (KHTML, like Gecko) Version/16.6 Mobile/15E148 Safari/604.1"
 - - [09/Nov/2023:09:30:12 +0000] "GET / HTTP/1.0" 200 343 "http://nakanishi-room.com/login/?next=/" "Mozilla/5.0 (iPhone; CPU iPhone OS 16_6_1 like Mac OS X) AppleWebKit/605.1.15 (KHTML, like Gecko) Version/16.6 Mobile/15E148 Safari/604.1"
 - - [09/Nov/2023:09:30:12 +0000] "GET /api/videos/ HTTP/1.0" 200 212 "http://nakanishi-room.com/" "Mozilla/5.0 (iPhone; CPU iPhone OS 16_6_1 like Mac OS X) AppleWebKit/605.1.15 (KHTML, like Gecko) Version/16.6 Mobile/15E148 Safari/604.1"
 - - [09/Nov/2023:09:49:09 +0000] "GET / HTTP/1.0" 302 0 "-" "Mozilla/5.0 (iPhone; CPU iPhone OS 16_6_1 like Mac OS X) AppleWebKit/605.1.15 (KHTML, like Gecko) Version/16.6 Mobile/15E148 Safari/604.1"
 - - [09/Nov/2023:09:49:10 +0000] "GET /login/?next=/ HTTP/1.0" 200 697 "-" "Mozilla/5.0 (iPhone; CPU iPhone OS 16_6_1 like Mac OS X) AppleWebKit/605.1.15 (KHTML, like Gecko) Version/16.6 Mobile/15E148 Safari/604.1"
 - - [09/Nov/2023:09:49:24 +0000] "POST /login/ HTTP/1.0" 302 0 "http://nakanishi-room.com/login/?next=/" "Mozilla/5.0 (iPhone; CPU iPhone OS 16_6_1 like Mac OS X) AppleWebKit/605.1.15 (KHTML, like Gecko) Version/16.6 Mobile/15E148 Safari/604.1"
 - - [09/Nov/2023:09:49:24 +0000] "GET / HTTP/1.0" 200 343 "http://nakanishi-room.com/login/?next=/" "Mozilla/5.0 (iPhone; CPU iPhone OS 16_6_1 like Mac OS X) AppleWebKit/605.1.15 (KHTML, like Gecko) Version/16.6 Mobile/15E148 Safari/604.1"
 - - [09/Nov/2023:09:49:25 +0000] "GET /api/videos/ HTTP/1.0" 200 212 "http://nakanishi-room.com/" "Mozilla/5.0 (iPhone; CPU iPhone OS 16_6_1 like Mac OS X) AppleWebKit/605.1.15 (KHTML, like Gecko) Version/16.6 Mobile/15E148 Safari/604.1"
 - - [09/Nov/2023:09:49:29 +0000] "POST /api/start-camera HTTP/1.0" 200 47 "http://nakanishi-room.com/" "Mozilla/5.0 (iPhone; CPU iPhone OS 16_6_1 like Mac OS X) AppleWebKit/605.1.15 (KHTML, like Gecko) Version/16.6 Mobile/15E148 Safari/604.1"
 - - [09/Nov/2023:09:49:57 +0000] "POST /api/stop-camera HTTP/1.0" 200 48 "http://nakanishi-room.com/" "Mozilla/5.0 (iPhone; CPU iPhone OS 16_6_1 like Mac OS X) AppleWebKit/605.1.15 (KHTML, like Gecko) Version/16.6 Mobile/15E148 Safari/604.1"
 - - [09/Nov/2023:09:50:13 +0000] "GET / HTTP/1.0" 200 343 "http://nakanishi-room.com/login/?next=/" "Mozilla/5.0 (iPhone; CPU iPhone OS 16_6_1 like Mac OS X) AppleWebKit/605.1.15 (KHTML, like Gecko) Version/16.6 Mobile/15E148 Safari/604.1"
 - - [09/Nov/2023:09:50:13 +0000] "GET /api/videos/ HTTP/1.0" 200 265 "http://nakanishi-room.com/" "Mozilla/5.0 (iPhone; CPU iPhone OS 16_6_1 like Mac OS X) AppleWebKit/605.1.15 (KHTML, like Gecko) Version/16.6 Mobile/15E148 Safari/604.1"
 - - [09/Nov/2023:09:50:18 +0000] "GET /api/videos/5 HTTP/1.0" 200 41 "http://nakanishi-room.com/video/5" "Mozilla/5.0 (iPhone; CPU iPhone OS 16_6_1 like Mac OS X) AppleWebKit/605.1.15 (KHTML, like Gecko) Version/16.6 Mobile/15E148 Safari/604.1"
 - - [09/Nov/2023:09:50:52 +0000] "GET / HTTP/1.0" 302 0 "-" "Mozilla/5.0 (iPhone; CPU iPhone OS 16_6_1 like Mac OS X) AppleWebKit/605.1.15 (KHTML, like Gecko) Version/16.6 Mobile/15E148 Safari/604.1"
 - - [09/Nov/2023:09:50:52 +0000] "GET /login/?next=/ HTTP/1.0" 200 697 "-" "Mozilla/5.0 (iPhone; CPU iPhone OS 16_6_1 like Mac OS X) AppleWebKit/605.1.15 (KHTML, like Gecko) Version/16.6 Mobile/15E148 Safari/604.1"
 - - [09/Nov/2023:09:51:03 +0000] "POST /login/ HTTP/1.0" 302 0 "http://nakanishi-room.com/login/?next=/" "Mozilla/5.0 (iPhone; CPU iPhone OS 16_6_1 like Mac OS X) AppleWebKit/605.1.15 (KHTML, like Gecko) Version/16.6 Mobile/15E148 Safari/604.1"
 - - [09/Nov/2023:09:51:03 +0000] "GET / HTTP/1.0" 200 343 "http://nakanishi-room.com/login/?next=/" "Mozilla/5.0 (iPhone; CPU iPhone OS 16_6_1 like Mac OS X) AppleWebKit/605.1.15 (KHTML, like Gecko) Version/16.6 Mobile/15E148 Safari/604.1"
 - - [09/Nov/2023:09:51:06 +0000] "GET /api/videos/ HTTP/1.0" 200 265 "http://nakanishi-room.com/" "Mozilla/5.0 (iPhone; CPU iPhone OS 16_6_1 like Mac OS X) AppleWebKit/605.1.15 (KHTML, like Gecko) Version/16.6 Mobile/15E148 Safari/604.1"
 - - [09/Nov/2023:09:51:08 +0000] "GET /api/videos/5 HTTP/1.0" 200 41 "http://nakanishi-room.com/video/5" "Mozilla/5.0 (iPhone; CPU iPhone OS 16_6_1 like Mac OS X) AppleWebKit/605.1.15 (KHTML, like Gecko) Version/16.6 Mobile/15E148 Safari/604.1"
 - - [09/Nov/2023:09:55:39 +0000] "GET / HTTP/1.0" 400 57216 "-" "Hello World"
 - - [09/Nov/2023:09:58:20 +0000] "GET /robots.txt HTTP/1.0" 404 3277 "-" "Mozilla/5.0 (compatible; Googlebot/2.1; +http://www.google.com/bot.html)"
 - - [09/Nov/2023:09:58:20 +0000] "GET / HTTP/1.0" 302 0 "-" "Mozilla/5.0 (compatible; Googlebot/2.1; +http://www.google.com/bot.html)"
 - - [09/Nov/2023:09:58:21 +0000] "GET /login/?next=/ HTTP/1.0" 200 697 "-" "Mozilla/5.0 (compatible; Googlebot/2.1; +http://www.google.com/bot.html)"
 - - [09/Nov/2023:09:58:26 +0000] "GET / HTTP/1.0" 302 0 "-" "Mozilla/5.0 (compatible; Googlebot/2.1; +http://www.google.com/bot.html)"
 - - [09/Nov/2023:09:58:27 +0000] "GET /login/?next=/ HTTP/1.0" 200 697 "-" "Mozilla/5.0 (compatible; Googlebot/2.1; +http://www.google.com/bot.html)"
 - - [09/Nov/2023:09:58:27 +0000] "GET / HTTP/1.0" 302 0 "-" "Mozilla/5.0 (Linux; Android 6.0.1; Nexus 5X Build/MMB29P) AppleWebKit/537.36 (KHTML, like Gecko) Chrome/119.0.6045.105 Mobile Safari/537.36 (compatible; Googlebot/2.1; +http://www.google.com/bot.html)"
 - - [09/Nov/2023:09:58:28 +0000] "GET /login/?next=/ HTTP/1.0" 200 697 "-" "Mozilla/5.0 (Linux; Android 6.0.1; Nexus 5X Build/MMB29P) AppleWebKit/537.36 (KHTML, like Gecko) Chrome/119.0.6045.105 Mobile Safari/537.36 (compatible; Googlebot/2.1; +http://www.google.com/bot.html)"
 - - [09/Nov/2023:10:15:38 +0000] "GET /druid/index.html HTTP/1.0" 400 57564 "-" "Mozilla/5.0 zgrab/0.x"
 - - [09/Nov/2023:10:35:27 +0000] "GET / HTTP/1.0" 400 56972 "-" "-"
 - - [09/Nov/2023:10:35:28 +0000] "GET / HTTP/1.0" 400 57474 "-" "Mozilla/5.0 (compatible; CensysInspect/1.1; +https://about.censys.io/)"
 - - [09/Nov/2023:10:43:26 +0000] "GET / HTTP/1.0" 302 0 "-" "Mozilla/5.0 (Linux; Android 6.0.1; Nexus 5X Build/MMB29P) AppleWebKit/537.36 (KHTML, like Gecko) Chrome/119.0.6045.105 Mobile Safari/537.36 (compatible; Googlebot/2.1; +http://www.google.com/bot.html)"
 - - [09/Nov/2023:10:43:27 +0000] "GET /login/?next=/ HTTP/1.0" 200 697 "-" "Mozilla/5.0 (Linux; Android 6.0.1; Nexus 5X Build/MMB29P) AppleWebKit/537.36 (KHTML, like Gecko) Chrome/119.0.6045.105 Mobile Safari/537.36 (compatible; Googlebot/2.1; +http://www.google.com/bot.html)"
 - - [09/Nov/2023:10:43:39 +0000] "GET /hudson HTTP/1.0" 400 57357 "-" "Mozilla/5.0 zgrab/0.x"
 - - [09/Nov/2023:11:14:18 +0000] "GET / HTTP/1.0" 400 57129 "-" "Hello World"
 - - [09/Nov/2023:11:14:32 +0000] "GET / HTTP/1.0" 400 57538 "-" "Mozilla/5.0 (compatible; InternetMeasurement/1.0; +https://internet-measurement.com/)"
 - - [09/Nov/2023:11:17:54 +0000] "GET / HTTP/1.0" 400 56941 "-" "-"
 - - [09/Nov/2023:11:58:27 +0000] "GET / HTTP/1.0" 400 57632 "-" "Mozilla/5.0 (Windows NT 6.1) AppleWebKit/537.36 (KHTML, like Gecko) Chrome/41.0.2228.0 Safari/537.36"
 - - [09/Nov/2023:11:58:29 +0000] "GET /robots.txt HTTP/1.0" 400 57110 "-" "-"
 - - [09/Nov/2023:11:58:31 +0000] "GET /sitemap.xml HTTP/1.0" 400 57122 "-" "-"
 - - [09/Nov/2023:11:58:33 +0000] "GET /.well-known/security.txt HTTP/1.0" 400 57278 "-" "-"
 - - [09/Nov/2023:12:12:09 +0000] "GET / HTTP/1.0" 302 0 "-" "Mozilla/5.0 (iPhone; CPU iPhone OS 13_2_3 like Mac OS X) AppleWebKit/605.1.15 (KHTML, like Gecko) Version/13.0.3 Mobile/15E148 Safari/604.1"
 - - [09/Nov/2023:12:27:24 +0000] "GET / HTTP/1.0" 302 0 "-" "Mozilla/5.0 (iPhone; CPU iPhone OS 16_0 like Mac OS X) AppleWebKit/605.1.15 (KHTML, like Gecko) CriOS/99.0.4844.47 Mobile/15E148 Safari/604.1"
 - - [09/Nov/2023:12:27:25 +0000] "GET /login/?next=/ HTTP/1.0" 200 697 "-" "Mozilla/5.0 (iPhone; CPU iPhone OS 16_0 like Mac OS X) AppleWebKit/605.1.15 (KHTML, like Gecko) CriOS/99.0.4844.47 Mobile/15E148 Safari/604.1"
 - - [09/Nov/2023:12:32:59 +0000] "GET / HTTP/1.0" 400 57129 "-" "Hello World"
 - - [09/Nov/2023:12:49:47 +0000] "GET / HTTP/1.0" 400 57586 "-" "Mozilla/5.0 (Windows NT 10.0; WOW64) AppleWebKit/537.36 (KHTML, like Gecko) Chrome/66.0.3359.117 Safari/537.36"
 - - [09/Nov/2023:12:50:55 +0000] "GET / HTTP/1.0" 400 57833 "-" "python-requests/2.31.0"
 - - [09/Nov/2023:12:57:29 +0000] "HEAD / HTTP/1.0" 302 0 "-" "curl/7.81.0"
 - - [09/Nov/2023:13:00:38 +0000] "GET / HTTP/1.0" 302 0 "-" "Mozilla/5.0 (Linux; Android 9.0; MI 8 SE) AppleWebKit/537.36 (KHTML, like Gecko) Chrome/80.0.3987.119 Mobile Safari/537.36"
 - - [09/Nov/2023:13:00:39 +0000] "GET /login/?next=/ HTTP/1.0" 200 697 "-" "Mozilla/5.0 (Linux; Android 9.0; MI 8 SE) AppleWebKit/537.36 (KHTML, like Gecko) Chrome/80.0.3987.119 Mobile Safari/537.36"
 - - [09/Nov/2023:13:14:18 +0000] "GET / HTTP/1.0" 400 58115 "-" "Mozilla/5.0 (Windows NT 10.0; Win64; x64) AppleWebKit/537.36 (KHTML, like Gecko) Chrome/90.0.4430.85 Safari/537.36 Edg/90.0.818.46"
 - - [09/Nov/2023:13:26:15 +0000] "HEAD /xmlrpc.php HTTP/1.0" 404 3278 "-" "Mozilla/5.0 (Windows NT 10.0; Win64; x64) AppleWebKit/537.36 (KHTML, like Gecko) Chrome/79.0.3945.130 Safari/537.36"
 - - [09/Nov/2023:13:26:37 +0000] "GET /wp-login.php HTTP/1.0" 404 3283 "-" "Mozilla/5.0 (Windows NT 10.0; Win64; x64) AppleWebKit/537.36 (KHTML, like Gecko) Chrome/84.0.4147.105 Safari/537.36"
 - - [09/Nov/2023:13:26:38 +0000] "HEAD /wp/xmlrpc.php HTTP/1.0" 404 3287 "-" "Mozilla/5.0 (Windows NT 10.0; Win64; x64; rv:79.0) Gecko/20100101 Firefox/79.0"
 - - [09/Nov/2023:13:26:39 +0000] "HEAD /wordpress/xmlrpc.php HTTP/1.0" 404 3308 "-" "Mozilla/5.0 (Windows NT 10.0; Win64; x64) AppleWebKit/537.36 (KHTML, like Gecko) Chrome/79.0.3945.88 Safari/537.36"
 - - [09/Nov/2023:13:26:39 +0000] "HEAD /old/xmlrpc.php HTTP/1.0" 404 3290 "-" "Mozilla/5.0 (Macintosh; Intel Mac OS X 10_15_6) AppleWebKit/537.36 (KHTML, like Gecko) Chrome/84.0.4147.105 Safari/537.36"
 - - [09/Nov/2023:13:26:39 +0000] "HEAD /new/xmlrpc.php HTTP/1.0" 404 3290 "-" "Mozilla/5.0 (X11; Fedora; Linux x86_64; rv:79.0) Gecko/20100101 Firefox/79.0"
 - - [09/Nov/2023:13:26:40 +0000] "HEAD /blog/xmlrpc.php HTTP/1.0" 404 3293 "-" "Mozilla/5.0 (X11; Ubuntu; Linux x86_64; rv:79.0) Gecko/20100101 Firefox/79.0"
 - - [09/Nov/2023:13:34:48 +0000] "GET / HTTP/1.0" 400 57626 "-" "Mozilla/5.0 (Windows NT 10.0; Win64; x64) AppleWebKit/537.36 (KHTML, like Gecko) Chrome/110.0.0.0 Safari/537.36 Edg/110.0.1587.57"
 - - [09/Nov/2023:13:36:27 +0000] "GET /webui/ HTTP/1.0" 400 57549 "-" "Mozilla/5.0 (X11; Linux x86_64) AppleWebKit/537.36 (KHTML, like Gecko) Chrome/110.0.0.0 Safari/537.36"
 - - [09/Nov/2023:13:38:28 +0000] "GET /geoserver/web/ HTTP/1.0" 400 57701 "-" "Mozilla/5.0 (Windows NT 10.0; Win64; x64) AppleWebKit/537.36 (KHTML, like Gecko) Chrome/110.0.0.0 Safari/537.36 Edg/110.0.1587.57"
 - - [09/Nov/2023:13:51:11 +0000] "GET / HTTP/1.0" 400 57129 "-" "Hello World"
 - - [09/Nov/2023:13:57:31 +0000] "GET / HTTP/1.0" 400 57096 "-" "-"
 - - [09/Nov/2023:14:47:29 +0000] "GET / HTTP/1.0" 302 0 "-" "Mozilla/5.0 (iPhone; CPU iPhone OS 16_6_1 like Mac OS X) AppleWebKit/605.1.15 (KHTML, like Gecko) Version/16.6 Mobile/15E148 Safari/604.1"
 - - [09/Nov/2023:14:47:30 +0000] "GET /login/?next=/ HTTP/1.0" 200 697 "-" "Mozilla/5.0 (iPhone; CPU iPhone OS 16_6_1 like Mac OS X) AppleWebKit/605.1.15 (KHTML, like Gecko) Version/16.6 Mobile/15E148 Safari/604.1"
 - - [09/Nov/2023:14:47:43 +0000] "POST /login/ HTTP/1.0" 302 0 "https://nakanishi-room.com/login/?next=/" "Mozilla/5.0 (iPhone; CPU iPhone OS 16_6_1 like Mac OS X) AppleWebKit/605.1.15 (KHTML, like Gecko) Version/16.6 Mobile/15E148 Safari/604.1"
 - - [09/Nov/2023:14:47:43 +0000] "GET / HTTP/1.0" 200 343 "https://nakanishi-room.com/login/?next=/" "Mozilla/5.0 (iPhone; CPU iPhone OS 16_6_1 like Mac OS X) AppleWebKit/605.1.15 (KHTML, like Gecko) Version/16.6 Mobile/15E148 Safari/604.1"
 - - [09/Nov/2023:14:47:44 +0000] "GET /api/videos/ HTTP/1.0" 200 265 "https://nakanishi-room.com/" "Mozilla/5.0 (iPhone; CPU iPhone OS 16_6_1 like Mac OS X) AppleWebKit/605.1.15 (KHTML, like Gecko) Version/16.6 Mobile/15E148 Safari/604.1"
 - - [09/Nov/2023:14:47:48 +0000] "POST /api/start-camera HTTP/1.0" 200 47 "https://nakanishi-room.com/" "Mozilla/5.0 (iPhone; CPU iPhone OS 16_6_1 like Mac OS X) AppleWebKit/605.1.15 (KHTML, like Gecko) Version/16.6 Mobile/15E148 Safari/604.1"
 - - [09/Nov/2023:14:48:09 +0000] "POST /api/stop-camera HTTP/1.0" 200 48 "https://nakanishi-room.com/" "Mozilla/5.0 (iPhone; CPU iPhone OS 16_6_1 like Mac OS X) AppleWebKit/605.1.15 (KHTML, like Gecko) Version/16.6 Mobile/15E148 Safari/604.1"
 - - [09/Nov/2023:14:48:23 +0000] "GET / HTTP/1.0" 200 343 "https://nakanishi-room.com/login/?next=/" "Mozilla/5.0 (iPhone; CPU iPhone OS 16_6_1 like Mac OS X) AppleWebKit/605.1.15 (KHTML, like Gecko) Version/16.6 Mobile/15E148 Safari/604.1"
 - - [09/Nov/2023:14:48:23 +0000] "GET /api/videos/ HTTP/1.0" 200 318 "https://nakanishi-room.com/" "Mozilla/5.0 (iPhone; CPU iPhone OS 16_6_1 like Mac OS X) AppleWebKit/605.1.15 (KHTML, like Gecko) Version/16.6 Mobile/15E148 Safari/604.1"
 - - [09/Nov/2023:14:48:24 +0000] "GET /api/videos/6 HTTP/1.0" 200 41 "https://nakanishi-room.com/video/6" "Mozilla/5.0 (iPhone; CPU iPhone OS 16_6_1 like Mac OS X) AppleWebKit/605.1.15 (KHTML, like Gecko) Version/16.6 Mobile/15E148 Safari/604.1"
 - - [09/Nov/2023:14:52:46 +0000] "GET / HTTP/1.0" 302 0 "-" "Mozilla/5.0 (iPhone; CPU iPhone OS 16_6_1 like Mac OS X) AppleWebKit/605.1.15 (KHTML, like Gecko) Version/16.6 Mobile/15E148 Safari/604.1"
 - - [09/Nov/2023:14:52:46 +0000] "GET /login/?next=/ HTTP/1.0" 200 697 "-" "Mozilla/5.0 (iPhone; CPU iPhone OS 16_6_1 like Mac OS X) AppleWebKit/605.1.15 (KHTML, like Gecko) Version/16.6 Mobile/15E148 Safari/604.1"
 - - [09/Nov/2023:14:53:03 +0000] "POST /login/ HTTP/1.0" 302 0 "https://nakanishi-room.com/login/?next=/" "Mozilla/5.0 (iPhone; CPU iPhone OS 16_6_1 like Mac OS X) AppleWebKit/605.1.15 (KHTML, like Gecko) Version/16.6 Mobile/15E148 Safari/604.1"
 - - [09/Nov/2023:14:53:03 +0000] "GET / HTTP/1.0" 200 343 "https://nakanishi-room.com/login/?next=/" "Mozilla/5.0 (iPhone; CPU iPhone OS 16_6_1 like Mac OS X) AppleWebKit/605.1.15 (KHTML, like Gecko) Version/16.6 Mobile/15E148 Safari/604.1"
 - - [09/Nov/2023:14:53:04 +0000] "GET /api/videos/ HTTP/1.0" 200 318 "https://nakanishi-room.com/" "Mozilla/5.0 (iPhone; CPU iPhone OS 16_6_1 like Mac OS X) AppleWebKit/605.1.15 (KHTML, like Gecko) Version/16.6 Mobile/15E148 Safari/604.1"
 - - [09/Nov/2023:14:53:09 +0000] "POST /api/start-camera HTTP/1.0" 200 47 "https://nakanishi-room.com/" "Mozilla/5.0 (iPhone; CPU iPhone OS 16_6_1 like Mac OS X) AppleWebKit/605.1.15 (KHTML, like Gecko) Version/16.6 Mobile/15E148 Safari/604.1"
 - - [09/Nov/2023:14:53:23 +0000] "POST /api/stop-camera HTTP/1.0" 200 55 "https://nakanishi-room.com/" "Mozilla/5.0 (iPhone; CPU iPhone OS 16_6_1 like Mac OS X) AppleWebKit/605.1.15 (KHTML, like Gecko) Version/16.6 Mobile/15E148 Safari/604.1"
 - - [09/Nov/2023:14:53:28 +0000] "GET / HTTP/1.0" 200 343 "https://nakanishi-room.com/login/?next=/" "Mozilla/5.0 (iPhone; CPU iPhone OS 16_6_1 like Mac OS X) AppleWebKit/605.1.15 (KHTML, like Gecko) Version/16.6 Mobile/15E148 Safari/604.1"
 - - [09/Nov/2023:14:53:28 +0000] "GET /api/videos/ HTTP/1.0" 200 318 "https://nakanishi-room.com/" "Mozilla/5.0 (iPhone; CPU iPhone OS 16_6_1 like Mac OS X) AppleWebKit/605.1.15 (KHTML, like Gecko) Version/16.6 Mobile/15E148 Safari/604.1"
 - - [09/Nov/2023:14:53:31 +0000] "GET /api/videos/6 HTTP/1.0" 200 41 "https://nakanishi-room.com/video/6" "Mozilla/5.0 (iPhone; CPU iPhone OS 16_6_1 like Mac OS X) AppleWebKit/605.1.15 (KHTML, like Gecko) Version/16.6 Mobile/15E148 Safari/604.1"
 - - [09/Nov/2023:14:53:34 +0000] "GET /api/videos/ HTTP/1.0" 200 318 "https://nakanishi-room.com/" "Mozilla/5.0 (iPhone; CPU iPhone OS 16_6_1 like Mac OS X) AppleWebKit/605.1.15 (KHTML, like Gecko) Version/16.6 Mobile/15E148 Safari/604.1"
 - - [09/Nov/2023:14:53:46 +0000] "GET / HTTP/1.0" 200 343 "https://nakanishi-room.com/login/?next=/" "Mozilla/5.0 (iPhone; CPU iPhone OS 16_6_1 like Mac OS X) AppleWebKit/605.1.15 (KHTML, like Gecko) Version/16.6 Mobile/15E148 Safari/604.1"
 - - [09/Nov/2023:14:53:46 +0000] "GET /api/videos/ HTTP/1.0" 200 318 "https://nakanishi-room.com/" "Mozilla/5.0 (iPhone; CPU iPhone OS 16_6_1 like Mac OS X) AppleWebKit/605.1.15 (KHTML, like Gecko) Version/16.6 Mobile/15E148 Safari/604.1"
 - - [09/Nov/2023:14:53:48 +0000] "POST /api/start-camera HTTP/1.0" 200 47 "https://nakanishi-room.com/" "Mozilla/5.0 (iPhone; CPU iPhone OS 16_6_1 like Mac OS X) AppleWebKit/605.1.15 (KHTML, like Gecko) Version/16.6 Mobile/15E148 Safari/604.1"
 - - [09/Nov/2023:14:53:52 +0000] "POST /api/stop-camera HTTP/1.0" 200 55 "https://nakanishi-room.com/" "Mozilla/5.0 (iPhone; CPU iPhone OS 16_6_1 like Mac OS X) AppleWebKit/605.1.15 (KHTML, like Gecko) Version/16.6 Mobile/15E148 Safari/604.1"
 - - [09/Nov/2023:14:55:01 +0000] "GET / HTTP/1.0" 200 343 "https://nakanishi-room.com/login/?next=/" "Mozilla/5.0 (iPhone; CPU iPhone OS 16_6_1 like Mac OS X) AppleWebKit/605.1.15 (KHTML, like Gecko) Version/16.6 Mobile/15E148 Safari/604.1"
 - - [09/Nov/2023:14:55:01 +0000] "GET /api/videos/ HTTP/1.0" 200 318 "https://nakanishi-room.com/" "Mozilla/5.0 (iPhone; CPU iPhone OS 16_6_1 like Mac OS X) AppleWebKit/605.1.15 (KHTML, like Gecko) Version/16.6 Mobile/15E148 Safari/604.1"
 - - [09/Nov/2023:14:55:04 +0000] "POST /api/start-camera HTTP/1.0" 200 58 "https://nakanishi-room.com/" "Mozilla/5.0 (iPhone; CPU iPhone OS 16_6_1 like Mac OS X) AppleWebKit/605.1.15 (KHTML, like Gecko) Version/16.6 Mobile/15E148 Safari/604.1"
 - - [09/Nov/2023:14:55:19 +0000] "POST /api/stop-camera HTTP/1.0" 200 55 "https://nakanishi-room.com/" "Mozilla/5.0 (iPhone; CPU iPhone OS 16_6_1 like Mac OS X) AppleWebKit/605.1.15 (KHTML, like Gecko) Version/16.6 Mobile/15E148 Safari/604.1"
 - - [09/Nov/2023:14:55:57 +0000] "POST /api/start-camera HTTP/1.0" 200 47 "https://nakanishi-room.com/" "Mozilla/5.0 (iPhone; CPU iPhone OS 16_6_1 like Mac OS X) AppleWebKit/605.1.15 (KHTML, like Gecko) Version/16.6 Mobile/15E148 Safari/604.1"
 - - [09/Nov/2023:14:56:09 +0000] "POST /api/stop-camera HTTP/1.0" 200 55 "https://nakanishi-room.com/" "Mozilla/5.0 (iPhone; CPU iPhone OS 16_6_1 like Mac OS X) AppleWebKit/605.1.15 (KHTML, like Gecko) Version/16.6 Mobile/15E148 Safari/604.1"
 - - [09/Nov/2023:14:56:30 +0000] "GET /robots.txt HTTP/1.0" 404 3278 "-" "Mozilla/5.0 AppleWebKit/537.36 (KHTML, like Gecko; compatible; bingbot/2.0; +http://www.bing.com/bingbot.htm) Chrome/103.0.5060.134 Safari/537.36"
 - - [09/Nov/2023:14:56:34 +0000] "POST /api/start-camera HTTP/1.0" 200 47 "https://nakanishi-room.com/" "Mozilla/5.0 (iPhone; CPU iPhone OS 16_6_1 like Mac OS X) AppleWebKit/605.1.15 (KHTML, like Gecko) Version/16.6 Mobile/15E148 Safari/604.1"
 - - [09/Nov/2023:14:56:36 +0000] "POST /api/stop-camera HTTP/1.0" 200 55 "https://nakanishi-room.com/" "Mozilla/5.0 (iPhone; CPU iPhone OS 16_6_1 like Mac OS X) AppleWebKit/605.1.15 (KHTML, like Gecko) Version/16.6 Mobile/15E148 Safari/604.1"
 - - [09/Nov/2023:14:56:38 +0000] "GET / HTTP/1.0" 200 343 "https://nakanishi-room.com/login/?next=/" "Mozilla/5.0 (iPhone; CPU iPhone OS 16_6_1 like Mac OS X) AppleWebKit/605.1.15 (KHTML, like Gecko) Version/16.6 Mobile/15E148 Safari/604.1"
 - - [09/Nov/2023:14:56:39 +0000] "GET /api/videos/ HTTP/1.0" 200 318 "https://nakanishi-room.com/" "Mozilla/5.0 (iPhone; CPU iPhone OS 16_6_1 like Mac OS X) AppleWebKit/605.1.15 (KHTML, like Gecko) Version/16.6 Mobile/15E148 Safari/604.1"
 - - [09/Nov/2023:15:01:03 +0000] "GET / HTTP/1.0" 400 56991 "-" "-"
 - - [09/Nov/2023:15:01:04 +0000] "GET / HTTP/1.0" 400 57483 "-" "Mozilla/5.0 (compatible; CensysInspect/1.1; +https://about.censys.io/)"
 - - [09/Nov/2023:15:11:57 +0000] "GET / HTTP/1.0" 302 0 "-" "Mozilla/5.0 (iPhone; CPU iPhone OS 16_6_1 like Mac OS X) AppleWebKit/605.1.15 (KHTML, like Gecko) Version/16.6 Mobile/15E148 Safari/604.1"
 - - [09/Nov/2023:15:11:57 +0000] "GET /login/?next=/ HTTP/1.0" 200 697 "-" "Mozilla/5.0 (iPhone; CPU iPhone OS 16_6_1 like Mac OS X) AppleWebKit/605.1.15 (KHTML, like Gecko) Version/16.6 Mobile/15E148 Safari/604.1"
 - - [09/Nov/2023:15:12:16 +0000] "POST /login/ HTTP/1.0" 302 0 "https://nakanishi-room.com/login/?next=/" "Mozilla/5.0 (iPhone; CPU iPhone OS 16_6_1 like Mac OS X) AppleWebKit/605.1.15 (KHTML, like Gecko) Version/16.6 Mobile/15E148 Safari/604.1"
 - - [09/Nov/2023:15:12:16 +0000] "GET / HTTP/1.0" 200 343 "https://nakanishi-room.com/login/?next=/" "Mozilla/5.0 (iPhone; CPU iPhone OS 16_6_1 like Mac OS X) AppleWebKit/605.1.15 (KHTML, like Gecko) Version/16.6 Mobile/15E148 Safari/604.1"
 - - [09/Nov/2023:15:12:17 +0000] "GET /api/videos/ HTTP/1.0" 200 318 "https://nakanishi-room.com/" "Mozilla/5.0 (iPhone; CPU iPhone OS 16_6_1 like Mac OS X) AppleWebKit/605.1.15 (KHTML, like Gecko) Version/16.6 Mobile/15E148 Safari/604.1"
 - - [09/Nov/2023:15:12:22 +0000] "POST /api/start-camera HTTP/1.0" 200 47 "https://nakanishi-room.com/" "Mozilla/5.0 (iPhone; CPU iPhone OS 16_6_1 like Mac OS X) AppleWebKit/605.1.15 (KHTML, like Gecko) Version/16.6 Mobile/15E148 Safari/604.1"
 - - [09/Nov/2023:15:12:49 +0000] "GET /wp-login.php HTTP/1.0" 404 3284 "-" "Mozilla/5.0"
 - - [09/Nov/2023:15:12:57 +0000] "POST /api/stop-camera HTTP/1.0" 200 55 "https://nakanishi-room.com/" "Mozilla/5.0 (iPhone; CPU iPhone OS 16_6_1 like Mac OS X) AppleWebKit/605.1.15 (KHTML, like Gecko) Version/16.6 Mobile/15E148 Safari/604.1"
 - - [09/Nov/2023:15:13:05 +0000] "GET / HTTP/1.0" 200 343 "https://nakanishi-room.com/login/?next=/" "Mozilla/5.0 (iPhone; CPU iPhone OS 16_6_1 like Mac OS X) AppleWebKit/605.1.15 (KHTML, like Gecko) Version/16.6 Mobile/15E148 Safari/604.1"
 - - [09/Nov/2023:15:13:05 +0000] "GET /api/videos/ HTTP/1.0" 200 318 "https://nakanishi-room.com/" "Mozilla/5.0 (iPhone; CPU iPhone OS 16_6_1 like Mac OS X) AppleWebKit/605.1.15 (KHTML, like Gecko) Version/16.6 Mobile/15E148 Safari/604.1"
 - - [09/Nov/2023:15:14:39 +0000] "GET / HTTP/1.0" 400 57442 "-" "Mozilla/5.0 (Macintosh; Intel Mac OS X 10.11; rv:47.0) Gecko/20100101 Firefox/47.0"
 - - [09/Nov/2023:15:15:23 +0000] "GET / HTTP/1.0" 302 0 "-" "Go-http-client/1.1"
 - - [09/Nov/2023:15:15:43 +0000] "GET / HTTP/1.0" 302 0 "-" "Mozilla/5.0 (X11; Linux x86_64) AppleWebKit/537.36 (KHTML, like Gecko) Chrome/83.0.4103.97 Safari/537.36"
 - - [09/Nov/2023:15:15:43 +0000] "GET / HTTP/1.0" 302 0 "-" "Mozilla/5.0 (X11; Linux x86_64) AppleWebKit/537.36 (KHTML, like Gecko) Chrome/83.0.4103.97 Safari/537.36"
 - - [09/Nov/2023:15:19:48 +0000] "GET / HTTP/1.0" 302 0 "-" "Mozilla/5.0 (iPhone; CPU iPhone OS 16_6_1 like Mac OS X) AppleWebKit/605.1.15 (KHTML, like Gecko) Version/16.6 Mobile/15E148 Safari/604.1"
 - - [09/Nov/2023:15:19:48 +0000] "GET /login/?next=/ HTTP/1.0" 200 697 "-" "Mozilla/5.0 (iPhone; CPU iPhone OS 16_6_1 like Mac OS X) AppleWebKit/605.1.15 (KHTML, like Gecko) Version/16.6 Mobile/15E148 Safari/604.1"
 - - [09/Nov/2023:15:20:07 +0000] "POST /login/ HTTP/1.0" 302 0 "https://nakanishi-room.com/login/?next=/" "Mozilla/5.0 (iPhone; CPU iPhone OS 16_6_1 like Mac OS X) AppleWebKit/605.1.15 (KHTML, like Gecko) Version/16.6 Mobile/15E148 Safari/604.1"
 - - [09/Nov/2023:15:20:07 +0000] "GET / HTTP/1.0" 200 343 "https://nakanishi-room.com/login/?next=/" "Mozilla/5.0 (iPhone; CPU iPhone OS 16_6_1 like Mac OS X) AppleWebKit/605.1.15 (KHTML, like Gecko) Version/16.6 Mobile/15E148 Safari/604.1"
 - - [09/Nov/2023:15:20:08 +0000] "GET /api/videos/ HTTP/1.0" 200 2 "https://nakanishi-room.com/" "Mozilla/5.0 (iPhone; CPU iPhone OS 16_6_1 like Mac OS X) AppleWebKit/605.1.15 (KHTML, like Gecko) Version/16.6 Mobile/15E148 Safari/604.1"
 - - [09/Nov/2023:15:20:13 +0000] "POST /api/start-camera HTTP/1.0" 200 47 "https://nakanishi-room.com/" "Mozilla/5.0 (iPhone; CPU iPhone OS 16_6_1 like Mac OS X) AppleWebKit/605.1.15 (KHTML, like Gecko) Version/16.6 Mobile/15E148 Safari/604.1"
 - - [09/Nov/2023:15:20:19 +0000] "GET / HTTP/1.0" 302 0 "-" "Mozilla/5.0 (X11; Linux x86_64) AppleWebKit/537.36 (KHTML, like Gecko) Chrome/83.0.4103.97 Safari/537.36"
 - - [09/Nov/2023:15:20:32 +0000] "POST /api/stop-camera HTTP/1.0" 200 55 "https://nakanishi-room.com/" "Mozilla/5.0 (iPhone; CPU iPhone OS 16_6_1 like Mac OS X) AppleWebKit/605.1.15 (KHTML, like Gecko) Version/16.6 Mobile/15E148 Safari/604.1"
 - - [09/Nov/2023:15:20:47 +0000] "GET / HTTP/1.0" 200 343 "https://nakanishi-room.com/login/?next=/" "Mozilla/5.0 (iPhone; CPU iPhone OS 16_6_1 like Mac OS X) AppleWebKit/605.1.15 (KHTML, like Gecko) Version/16.6 Mobile/15E148 Safari/604.1"
 - - [09/Nov/2023:15:20:48 +0000] "GET /api/videos/ HTTP/1.0" 200 2 "https://nakanishi-room.com/" "Mozilla/5.0 (iPhone; CPU iPhone OS 16_6_1 like Mac OS X) AppleWebKit/605.1.15 (KHTML, like Gecko) Version/16.6 Mobile/15E148 Safari/604.1"
 - - [09/Nov/2023:15:21:19 +0000] "GET / HTTP/1.0" 200 343 "https://nakanishi-room.com/login/?next=/" "Mozilla/5.0 (iPhone; CPU iPhone OS 16_6_1 like Mac OS X) AppleWebKit/605.1.15 (KHTML, like Gecko) Version/16.6 Mobile/15E148 Safari/604.1"
 - - [09/Nov/2023:15:21:19 +0000] "GET /api/videos/ HTTP/1.0" 200 2 "https://nakanishi-room.com/" "Mozilla/5.0 (iPhone; CPU iPhone OS 16_6_1 like Mac OS X) AppleWebKit/605.1.15 (KHTML, like Gecko) Version/16.6 Mobile/15E148 Safari/604.1"
 - - [09/Nov/2023:15:21:20 +0000] "POST /api/start-camera HTTP/1.0" 200 47 "https://nakanishi-room.com/" "Mozilla/5.0 (iPhone; CPU iPhone OS 16_6_1 like Mac OS X) AppleWebKit/605.1.15 (KHTML, like Gecko) Version/16.6 Mobile/15E148 Safari/604.1"
 - - [09/Nov/2023:15:21:46 +0000] "POST /api/stop-camera HTTP/1.0" 200 48 "https://nakanishi-room.com/" "Mozilla/5.0 (iPhone; CPU iPhone OS 16_6_1 like Mac OS X) AppleWebKit/605.1.15 (KHTML, like Gecko) Version/16.6 Mobile/15E148 Safari/604.1"
 - - [09/Nov/2023:15:21:55 +0000] "GET / HTTP/1.0" 200 343 "https://nakanishi-room.com/login/?next=/" "Mozilla/5.0 (iPhone; CPU iPhone OS 16_6_1 like Mac OS X) AppleWebKit/605.1.15 (KHTML, like Gecko) Version/16.6 Mobile/15E148 Safari/604.1"
 - - [09/Nov/2023:15:21:55 +0000] "GET /api/videos/ HTTP/1.0" 200 53 "https://nakanishi-room.com/" "Mozilla/5.0 (iPhone; CPU iPhone OS 16_6_1 like Mac OS X) AppleWebKit/605.1.15 (KHTML, like Gecko) Version/16.6 Mobile/15E148 Safari/604.1"
 - - [09/Nov/2023:15:21:56 +0000] "GET /api/videos/1 HTTP/1.0" 200 41 "https://nakanishi-room.com/video/1" "Mozilla/5.0 (iPhone; CPU iPhone OS 16_6_1 like Mac OS X) AppleWebKit/605.1.15 (KHTML, like Gecko) Version/16.6 Mobile/15E148 Safari/604.1"
 - - [09/Nov/2023:15:22:16 +0000] "GET /api/videos/ HTTP/1.0" 200 53 "https://nakanishi-room.com/" "Mozilla/5.0 (iPhone; CPU iPhone OS 16_6_1 like Mac OS X) AppleWebKit/605.1.15 (KHTML, like Gecko) Version/16.6 Mobile/15E148 Safari/604.1"
 - - [09/Nov/2023:15:22:23 +0000] "POST /api/start-camera HTTP/1.0" 200 47 "https://nakanishi-room.com/" "Mozilla/5.0 (iPhone; CPU iPhone OS 16_6_1 like Mac OS X) AppleWebKit/605.1.15 (KHTML, like Gecko) Version/16.6 Mobile/15E148 Safari/604.1"
 - - [09/Nov/2023:15:22:36 +0000] "POST /api/stop-camera HTTP/1.0" 200 55 "https://nakanishi-room.com/" "Mozilla/5.0 (iPhone; CPU iPhone OS 16_6_1 like Mac OS X) AppleWebKit/605.1.15 (KHTML, like Gecko) Version/16.6 Mobile/15E148 Safari/604.1"
 - - [09/Nov/2023:15:22:42 +0000] "GET / HTTP/1.0" 200 343 "https://nakanishi-room.com/login/?next=/" "Mozilla/5.0 (iPhone; CPU iPhone OS 16_6_1 like Mac OS X) AppleWebKit/605.1.15 (KHTML, like Gecko) Version/16.6 Mobile/15E148 Safari/604.1"
 - - [09/Nov/2023:15:22:43 +0000] "GET /api/videos/ HTTP/1.0" 200 53 "https://nakanishi-room.com/" "Mozilla/5.0 (iPhone; CPU iPhone OS 16_6_1 like Mac OS X) AppleWebKit/605.1.15 (KHTML, like Gecko) Version/16.6 Mobile/15E148 Safari/604.1"
 - - [09/Nov/2023:15:22:46 +0000] "POST /api/start-camera HTTP/1.0" 200 47 "https://nakanishi-room.com/" "Mozilla/5.0 (iPhone; CPU iPhone OS 16_6_1 like Mac OS X) AppleWebKit/605.1.15 (KHTML, like Gecko) Version/16.6 Mobile/15E148 Safari/604.1"
 - - [09/Nov/2023:15:22:53 +0000] "GET / HTTP/1.0" 302 0 "http://nakanishi-room.com" "Mozilla/5.0 (iPhone; CPU iPhone OS 13_2_3 like Mac OS X) AppleWebKit/605.1.15 (KHTML, like Gecko) Version/13.0.3 Mobile/15E148 Safari/604.1"
 - - [09/Nov/2023:15:23:30 +0000] "GET /login/?next=/ HTTP/1.0" 200 697 "https://nakanishi-room.com/" "Mozilla/5.0 (iPhone; CPU iPhone OS 13_2_3 like Mac OS X) AppleWebKit/605.1.15 (KHTML, like Gecko) Version/13.0.3 Mobile/15E148 Safari/604.1"
 - - [09/Nov/2023:15:25:17 +0000] "POST /api/stop-camera HTTP/1.0" 200 55 "https://nakanishi-room.com/" "Mozilla/5.0 (iPhone; CPU iPhone OS 16_6_1 like Mac OS X) AppleWebKit/605.1.15 (KHTML, like Gecko) Version/16.6 Mobile/15E148 Safari/604.1"
 - - [09/Nov/2023:15:25:19 +0000] "GET / HTTP/1.0" 302 0 "-" "Mozilla/5.0 (X11; Linux x86_64) AppleWebKit/537.36 (KHTML, like Gecko) Chrome/83.0.4103.97 Safari/537.36"
 - - [09/Nov/2023:15:25:21 +0000] "GET / HTTP/1.0" 200 343 "https://nakanishi-room.com/login/?next=/" "Mozilla/5.0 (iPhone; CPU iPhone OS 16_6_1 like Mac OS X) AppleWebKit/605.1.15 (KHTML, like Gecko) Version/16.6 Mobile/15E148 Safari/604.1"
 - - [09/Nov/2023:15:25:21 +0000] "GET /api/videos/ HTTP/1.0" 200 53 "https://nakanishi-room.com/" "Mozilla/5.0 (iPhone; CPU iPhone OS 16_6_1 like Mac OS X) AppleWebKit/605.1.15 (KHTML, like Gecko) Version/16.6 Mobile/15E148 Safari/604.1"
 - - [09/Nov/2023:15:25:28 +0000] "POST /api/start-camera HTTP/1.0" 200 58 "https://nakanishi-room.com/" "Mozilla/5.0 (iPhone; CPU iPhone OS 16_6_1 like Mac OS X) AppleWebKit/605.1.15 (KHTML, like Gecko) Version/16.6 Mobile/15E148 Safari/604.1"
 - - [09/Nov/2023:15:25:37 +0000] "POST /api/stop-camera HTTP/1.0" 200 55 "https://nakanishi-room.com/" "Mozilla/5.0 (iPhone; CPU iPhone OS 16_6_1 like Mac OS X) AppleWebKit/605.1.15 (KHTML, like Gecko) Version/16.6 Mobile/15E148 Safari/604.1"
 - - [09/Nov/2023:15:25:41 +0000] "GET / HTTP/1.0" 200 343 "https://nakanishi-room.com/login/?next=/" "Mozilla/5.0 (iPhone; CPU iPhone OS 16_6_1 like Mac OS X) AppleWebKit/605.1.15 (KHTML, like Gecko) Version/16.6 Mobile/15E148 Safari/604.1"
 - - [09/Nov/2023:15:25:41 +0000] "GET /api/videos/ HTTP/1.0" 200 53 "https://nakanishi-room.com/" "Mozilla/5.0 (iPhone; CPU iPhone OS 16_6_1 like Mac OS X) AppleWebKit/605.1.15 (KHTML, like Gecko) Version/16.6 Mobile/15E148 Safari/604.1"
 - - [09/Nov/2023:15:25:43 +0000] "POST /api/start-camera HTTP/1.0" 200 47 "https://nakanishi-room.com/" "Mozilla/5.0 (iPhone; CPU iPhone OS 16_6_1 like Mac OS X) AppleWebKit/605.1.15 (KHTML, like Gecko) Version/16.6 Mobile/15E148 Safari/604.1"
 - - [09/Nov/2023:15:26:04 +0000] "POST /api/stop-camera HTTP/1.0" 200 55 "https://nakanishi-room.com/" "Mozilla/5.0 (iPhone; CPU iPhone OS 16_6_1 like Mac OS X) AppleWebKit/605.1.15 (KHTML, like Gecko) Version/16.6 Mobile/15E148 Safari/604.1"
 - - [09/Nov/2023:15:26:09 +0000] "GET / HTTP/1.0" 200 343 "https://nakanishi-room.com/login/?next=/" "Mozilla/5.0 (iPhone; CPU iPhone OS 16_6_1 like Mac OS X) AppleWebKit/605.1.15 (KHTML, like Gecko) Version/16.6 Mobile/15E148 Safari/604.1"
 - - [09/Nov/2023:15:26:09 +0000] "GET /api/videos/ HTTP/1.0" 200 53 "https://nakanishi-room.com/" "Mozilla/5.0 (iPhone; CPU iPhone OS 16_6_1 like Mac OS X) AppleWebKit/605.1.15 (KHTML, like Gecko) Version/16.6 Mobile/15E148 Safari/604.1"
 - - [09/Nov/2023:15:26:21 +0000] "POST /api/start-camera HTTP/1.0" 200 47 "https://nakanishi-room.com/" "Mozilla/5.0 (iPhone; CPU iPhone OS 16_6_1 like Mac OS X) AppleWebKit/605.1.15 (KHTML, like Gecko) Version/16.6 Mobile/15E148 Safari/604.1"
 - - [09/Nov/2023:15:26:58 +0000] "POST /api/stop-camera HTTP/1.0" 200 48 "https://nakanishi-room.com/" "Mozilla/5.0 (iPhone; CPU iPhone OS 16_6_1 like Mac OS X) AppleWebKit/605.1.15 (KHTML, like Gecko) Version/16.6 Mobile/15E148 Safari/604.1"
 - - [09/Nov/2023:15:27:09 +0000] "GET / HTTP/1.0" 200 343 "https://nakanishi-room.com/login/?next=/" "Mozilla/5.0 (iPhone; CPU iPhone OS 16_6_1 like Mac OS X) AppleWebKit/605.1.15 (KHTML, like Gecko) Version/16.6 Mobile/15E148 Safari/604.1"
 - - [09/Nov/2023:15:27:10 +0000] "GET /api/videos/ HTTP/1.0" 200 106 "https://nakanishi-room.com/" "Mozilla/5.0 (iPhone; CPU iPhone OS 16_6_1 like Mac OS X) AppleWebKit/605.1.15 (KHTML, like Gecko) Version/16.6 Mobile/15E148 Safari/604.1"
 - - [09/Nov/2023:15:27:11 +0000] "GET /api/videos/2 HTTP/1.0" 200 41 "https://nakanishi-room.com/video/2" "Mozilla/5.0 (iPhone; CPU iPhone OS 16_6_1 like Mac OS X) AppleWebKit/605.1.15 (KHTML, like Gecko) Version/16.6 Mobile/15E148 Safari/604.1"
 - - [09/Nov/2023:15:27:39 +0000] "GET /api/videos/ HTTP/1.0" 200 106 "https://nakanishi-room.com/" "Mozilla/5.0 (iPhone; CPU iPhone OS 16_6_1 like Mac OS X) AppleWebKit/605.1.15 (KHTML, like Gecko) Version/16.6 Mobile/15E148 Safari/604.1"
 - - [09/Nov/2023:15:27:42 +0000] "GET / HTTP/1.0" 200 343 "https://nakanishi-room.com/login/?next=/" "Mozilla/5.0 (iPhone; CPU iPhone OS 16_6_1 like Mac OS X) AppleWebKit/605.1.15 (KHTML, like Gecko) Version/16.6 Mobile/15E148 Safari/604.1"
 - - [09/Nov/2023:15:27:42 +0000] "GET /api/videos/ HTTP/1.0" 200 106 "https://nakanishi-room.com/" "Mozilla/5.0 (iPhone; CPU iPhone OS 16_6_1 like Mac OS X) AppleWebKit/605.1.15 (KHTML, like Gecko) Version/16.6 Mobile/15E148 Safari/604.1"
 - - [09/Nov/2023:15:27:45 +0000] "POST /api/start-camera HTTP/1.0" 200 47 "https://nakanishi-room.com/" "Mozilla/5.0 (iPhone; CPU iPhone OS 16_6_1 like Mac OS X) AppleWebKit/605.1.15 (KHTML, like Gecko) Version/16.6 Mobile/15E148 Safari/604.1"
 - - [09/Nov/2023:15:29:06 +0000] "POST /api/stop-camera HTTP/1.0" 200 55 "https://nakanishi-room.com/" "Mozilla/5.0 (iPhone; CPU iPhone OS 16_6_1 like Mac OS X) AppleWebKit/605.1.15 (KHTML, like Gecko) Version/16.6 Mobile/15E148 Safari/604.1"
 - - [09/Nov/2023:15:29:09 +0000] "GET / HTTP/1.0" 200 343 "https://nakanishi-room.com/login/?next=/" "Mozilla/5.0 (iPhone; CPU iPhone OS 16_6_1 like Mac OS X) AppleWebKit/605.1.15 (KHTML, like Gecko) Version/16.6 Mobile/15E148 Safari/604.1"
 - - [09/Nov/2023:15:29:10 +0000] "GET /api/videos/ HTTP/1.0" 200 106 "https://nakanishi-room.com/" "Mozilla/5.0 (iPhone; CPU iPhone OS 16_6_1 like Mac OS X) AppleWebKit/605.1.15 (KHTML, like Gecko) Version/16.6 Mobile/15E148 Safari/604.1"
 - - [09/Nov/2023:15:36:39 +0000] "GET / HTTP/1.0" 302 0 "-" "Mozilla/5.0 (Windows NT 10.0; Win64; x64) AppleWebKit/537.36 (KHTML, like Gecko) Chrome/112.0.0.0 Safari/537.36 (scanner.ducks.party)"
 - - [09/Nov/2023:15:36:40 +0000] "GET /login/?next=/ HTTP/1.0" 200 697 "https://nakanishi-room.com" "Mozilla/5.0 (Windows NT 10.0; Win64; x64) AppleWebKit/537.36 (KHTML, like Gecko) Chrome/112.0.0.0 Safari/537.36 (scanner.ducks.party)"
 - - [10/Nov/2023:03:39:29 +0000] "GET / HTTP/1.0" 302 0 "-" "Mozilla/5.0 (iPhone; CPU iPhone OS 16_6_1 like Mac OS X) AppleWebKit/605.1.15 (KHTML, like Gecko) Version/16.6 Mobile/15E148 Safari/604.1"
 - - [10/Nov/2023:03:39:30 +0000] "GET /login/?next=/ HTTP/1.0" 200 697 "-" "Mozilla/5.0 (iPhone; CPU iPhone OS 16_6_1 like Mac OS X) AppleWebKit/605.1.15 (KHTML, like Gecko) Version/16.6 Mobile/15E148 Safari/604.1"
 - - [10/Nov/2023:03:40:36 +0000] "POST /login/ HTTP/1.0" 302 0 "https://nakanishi-room.com/login/?next=/" "Mozilla/5.0 (iPhone; CPU iPhone OS 16_6_1 like Mac OS X) AppleWebKit/605.1.15 (KHTML, like Gecko) Version/16.6 Mobile/15E148 Safari/604.1"
 - - [10/Nov/2023:03:40:37 +0000] "GET / HTTP/1.0" 200 343 "https://nakanishi-room.com/login/?next=/" "Mozilla/5.0 (iPhone; CPU iPhone OS 16_6_1 like Mac OS X) AppleWebKit/605.1.15 (KHTML, like Gecko) Version/16.6 Mobile/15E148 Safari/604.1"
 - - [10/Nov/2023:03:40:38 +0000] "GET /api/videos/ HTTP/1.0" 200 106 "https://nakanishi-room.com/" "Mozilla/5.0 (iPhone; CPU iPhone OS 16_6_1 like Mac OS X) AppleWebKit/605.1.15 (KHTML, like Gecko) Version/16.6 Mobile/15E148 Safari/604.1"
 - - [10/Nov/2023:03:40:44 +0000] "POST /api/start-camera HTTP/1.0" 200 47 "https://nakanishi-room.com/" "Mozilla/5.0 (iPhone; CPU iPhone OS 16_6_1 like Mac OS X) AppleWebKit/605.1.15 (KHTML, like Gecko) Version/16.6 Mobile/15E148 Safari/604.1"
 - - [10/Nov/2023:03:55:35 +0000] "POST /api/stop-camera HTTP/1.0" 200 55 "https://nakanishi-room.com/" "Mozilla/5.0 (iPhone; CPU iPhone OS 16_6_1 like Mac OS X) AppleWebKit/605.1.15 (KHTML, like Gecko) Version/16.6 Mobile/15E148 Safari/604.1"
 - - [10/Nov/2023:03:56:18 +0000] "GET / HTTP/1.0" 200 343 "https://nakanishi-room.com/login/?next=/" "Mozilla/5.0 (iPhone; CPU iPhone OS 16_6_1 like Mac OS X) AppleWebKit/605.1.15 (KHTML, like Gecko) Version/16.6 Mobile/15E148 Safari/604.1"
 - - [10/Nov/2023:03:56:18 +0000] "GET /api/videos/ HTTP/1.0" 200 106 "https://nakanishi-room.com/" "Mozilla/5.0 (iPhone; CPU iPhone OS 16_6_1 like Mac OS X) AppleWebKit/605.1.15 (KHTML, like Gecko) Version/16.6 Mobile/15E148 Safari/604.1"
 - - [10/Nov/2023:03:59:06 +0000] "GET / HTTP/1.0" 400 57839 "-" "Expanse, a Palo Alto Networks company, searches across the global IPv4 space multiple times per day to identify customers&#39; presences on the Internet. If you would like to be excluded from our scans, please send IP addresses/domains to: scaninfo@paloaltonetworks.com"
 - - [10/Nov/2023:04:19:04 +0000] "GET /autodiscover/autodiscover.json?@zdi/Powershell HTTP/1.0" 400 58160 "-" "Mozilla/5.0 zgrab/0.x"
 - - [10/Nov/2023:04:24:48 +0000] "GET / HTTP/1.0" 302 0 "-" "Mozilla/5.0 (Windows NT 10.0; Win64; x64) AppleWebKit/537.36 (KHTML, like Gecko) Chrome/88.0.4240.193 Safari/537.36"
 - - [10/Nov/2023:04:24:49 +0000] "GET //wp-includes/wlwmanifest.xml HTTP/1.0" 404 3332 "-" "Mozilla/5.0 (Windows NT 10.0; Win64; x64) AppleWebKit/537.36 (KHTML, like Gecko) Chrome/88.0.4240.193 Safari/537.36"
 - - [10/Nov/2023:04:24:50 +0000] "GET //xmlrpc.php?rsd HTTP/1.0" 404 3285 "-" "Mozilla/5.0 (Windows NT 10.0; Win64; x64) AppleWebKit/537.36 (KHTML, like Gecko) Chrome/88.0.4240.193 Safari/537.36"
 - - [10/Nov/2023:04:24:50 +0000] "GET / HTTP/1.0" 302 0 "-" "Mozilla/5.0 (Windows NT 10.0; Win64; x64) AppleWebKit/537.36 (KHTML, like Gecko) Chrome/88.0.4240.193 Safari/537.36"
 - - [10/Nov/2023:04:24:50 +0000] "GET //blog/wp-includes/wlwmanifest.xml HTTP/1.0" 404 3347 "-" "Mozilla/5.0 (Windows NT 10.0; Win64; x64) AppleWebKit/537.36 (KHTML, like Gecko) Chrome/88.0.4240.193 Safari/537.36"
 - - [10/Nov/2023:04:24:51 +0000] "GET //web/wp-includes/wlwmanifest.xml HTTP/1.0" 404 3344 "-" "Mozilla/5.0 (Windows NT 10.0; Win64; x64) AppleWebKit/537.36 (KHTML, like Gecko) Chrome/88.0.4240.193 Safari/537.36"
 - - [10/Nov/2023:04:24:51 +0000] "GET //wordpress/wp-includes/wlwmanifest.xml HTTP/1.0" 404 3362 "-" "Mozilla/5.0 (Windows NT 10.0; Win64; x64) AppleWebKit/537.36 (KHTML, like Gecko) Chrome/88.0.4240.193 Safari/537.36"
 - - [10/Nov/2023:04:24:51 +0000] "GET //website/wp-includes/wlwmanifest.xml HTTP/1.0" 404 3356 "-" "Mozilla/5.0 (Windows NT 10.0; Win64; x64) AppleWebKit/537.36 (KHTML, like Gecko) Chrome/88.0.4240.193 Safari/537.36"
 - - [10/Nov/2023:04:24:52 +0000] "GET //wp/wp-includes/wlwmanifest.xml HTTP/1.0" 404 3341 "-" "Mozilla/5.0 (Windows NT 10.0; Win64; x64) AppleWebKit/537.36 (KHTML, like Gecko) Chrome/88.0.4240.193 Safari/537.36"
 - - [10/Nov/2023:04:24:52 +0000] "GET //news/wp-includes/wlwmanifest.xml HTTP/1.0" 404 3347 "-" "Mozilla/5.0 (Windows NT 10.0; Win64; x64) AppleWebKit/537.36 (KHTML, like Gecko) Chrome/88.0.4240.193 Safari/537.36"
 - - [10/Nov/2023:04:24:52 +0000] "GET //2020/wp-includes/wlwmanifest.xml HTTP/1.0" 404 3347 "-" "Mozilla/5.0 (Windows NT 10.0; Win64; x64) AppleWebKit/537.36 (KHTML, like Gecko) Chrome/88.0.4240.193 Safari/537.36"
 - - [10/Nov/2023:04:24:52 +0000] "GET //2019/wp-includes/wlwmanifest.xml HTTP/1.0" 404 3347 "-" "Mozilla/5.0 (Windows NT 10.0; Win64; x64) AppleWebKit/537.36 (KHTML, like Gecko) Chrome/88.0.4240.193 Safari/537.36"
 - - [10/Nov/2023:04:24:53 +0000] "GET //shop/wp-includes/wlwmanifest.xml HTTP/1.0" 404 3347 "-" "Mozilla/5.0 (Windows NT 10.0; Win64; x64) AppleWebKit/537.36 (KHTML, like Gecko) Chrome/88.0.4240.193 Safari/537.36"
 - - [10/Nov/2023:04:24:53 +0000] "GET //wp1/wp-includes/wlwmanifest.xml HTTP/1.0" 404 3344 "-" "Mozilla/5.0 (Windows NT 10.0; Win64; x64) AppleWebKit/537.36 (KHTML, like Gecko) Chrome/88.0.4240.193 Safari/537.36"
 - - [10/Nov/2023:04:24:53 +0000] "GET //test/wp-includes/wlwmanifest.xml HTTP/1.0" 404 3347 "-" "Mozilla/5.0 (Windows NT 10.0; Win64; x64) AppleWebKit/537.36 (KHTML, like Gecko) Chrome/88.0.4240.193 Safari/537.36"
 - - [10/Nov/2023:04:24:53 +0000] "GET //wp2/wp-includes/wlwmanifest.xml HTTP/1.0" 404 3344 "-" "Mozilla/5.0 (Windows NT 10.0; Win64; x64) AppleWebKit/537.36 (KHTML, like Gecko) Chrome/88.0.4240.193 Safari/537.36"
 - - [10/Nov/2023:04:24:53 +0000] "GET //site/wp-includes/wlwmanifest.xml HTTP/1.0" 404 3347 "-" "Mozilla/5.0 (Windows NT 10.0; Win64; x64) AppleWebKit/537.36 (KHTML, like Gecko) Chrome/88.0.4240.193 Safari/537.36"
 - - [10/Nov/2023:04:24:54 +0000] "GET //cms/wp-includes/wlwmanifest.xml HTTP/1.0" 404 3344 "-" "Mozilla/5.0 (Windows NT 10.0; Win64; x64) AppleWebKit/537.36 (KHTML, like Gecko) Chrome/88.0.4240.193 Safari/537.36"
 - - [10/Nov/2023:04:24:54 +0000] "GET //sito/wp-includes/wlwmanifest.xml HTTP/1.0" 404 3347 "-" "Mozilla/5.0 (Windows NT 10.0; Win64; x64) AppleWebKit/537.36 (KHTML, like Gecko) Chrome/88.0.4240.193 Safari/537.36"
 - - [10/Nov/2023:04:34:58 +0000] "GET /wp-includes/wlwmanifest.xml HTTP/1.0" 404 3329 "-" "python-requests/2.21.0"
 - - [10/Nov/2023:04:34:59 +0000] "GET /administrator/index.php HTTP/1.0" 404 3317 "-" "python-requests/2.21.0"
 - - [10/Nov/2023:04:34:59 +0000] "GET /view-source: HTTP/1.0" 404 3284 "-" "python-requests/2.21.0"
 - - [10/Nov/2023:04:35:00 +0000] "GET /misc/ajax.js HTTP/1.0" 404 3284 "-" "python-requests/2.21.0"
 - - [10/Nov/2023:04:51:49 +0000] "GET //wp-includes/ID3/license.txt HTTP/1.0" 404 3332 "-" "Mozilla/5.0 (Windows NT 10.0; Win64; x64) AppleWebKit/537.36 (KHTML, like Gecko) Chrome/95.0.4638.69 Safari/537.36"
 - - [10/Nov/2023:04:51:50 +0000] "GET //feed/ HTTP/1.0" 404 3266 "-" "Mozilla/5.0 (Windows NT 10.0; Win64; x64) AppleWebKit/537.36 (KHTML, like Gecko) Chrome/95.0.4638.69 Safari/537.36"
 - - [10/Nov/2023:04:51:50 +0000] "GET //xmlrpc.php?rsd HTTP/1.0" 404 3285 "-" "Mozilla/5.0 (Windows NT 10.0; Win64; x64) AppleWebKit/537.36 (KHTML, like Gecko) Chrome/95.0.4638.69 Safari/537.36"
 - - [10/Nov/2023:04:51:50 +0000] "GET //blog/wp-includes/wlwmanifest.xml HTTP/1.0" 404 3347 "-" "Mozilla/5.0 (Windows NT 10.0; Win64; x64) AppleWebKit/537.36 (KHTML, like Gecko) Chrome/95.0.4638.69 Safari/537.36"
 - - [10/Nov/2023:04:51:50 +0000] "GET //web/wp-includes/wlwmanifest.xml HTTP/1.0" 404 3344 "-" "Mozilla/5.0 (Windows NT 10.0; Win64; x64) AppleWebKit/537.36 (KHTML, like Gecko) Chrome/95.0.4638.69 Safari/537.36"
 - - [10/Nov/2023:04:51:50 +0000] "GET //wordpress/wp-includes/wlwmanifest.xml HTTP/1.0" 404 3362 "-" "Mozilla/5.0 (Windows NT 10.0; Win64; x64) AppleWebKit/537.36 (KHTML, like Gecko) Chrome/95.0.4638.69 Safari/537.36"
 - - [10/Nov/2023:04:51:50 +0000] "GET //wp/wp-includes/wlwmanifest.xml HTTP/1.0" 404 3341 "-" "Mozilla/5.0 (Windows NT 10.0; Win64; x64) AppleWebKit/537.36 (KHTML, like Gecko) Chrome/95.0.4638.69 Safari/537.36"
 - - [10/Nov/2023:04:51:51 +0000] "GET //2020/wp-includes/wlwmanifest.xml HTTP/1.0" 404 3347 "-" "Mozilla/5.0 (Windows NT 10.0; Win64; x64) AppleWebKit/537.36 (KHTML, like Gecko) Chrome/95.0.4638.69 Safari/537.36"
 - - [10/Nov/2023:04:51:51 +0000] "GET //2019/wp-includes/wlwmanifest.xml HTTP/1.0" 404 3347 "-" "Mozilla/5.0 (Windows NT 10.0; Win64; x64) AppleWebKit/537.36 (KHTML, like Gecko) Chrome/95.0.4638.69 Safari/537.36"
 - - [10/Nov/2023:04:51:51 +0000] "GET //2021/wp-includes/wlwmanifest.xml HTTP/1.0" 404 3347 "-" "Mozilla/5.0 (Windows NT 10.0; Win64; x64) AppleWebKit/537.36 (KHTML, like Gecko) Chrome/95.0.4638.69 Safari/537.36"
 - - [10/Nov/2023:04:51:51 +0000] "GET //shop/wp-includes/wlwmanifest.xml HTTP/1.0" 404 3347 "-" "Mozilla/5.0 (Windows NT 10.0; Win64; x64) AppleWebKit/537.36 (KHTML, like Gecko) Chrome/95.0.4638.69 Safari/537.36"
 - - [10/Nov/2023:04:51:51 +0000] "GET //wp1/wp-includes/wlwmanifest.xml HTTP/1.0" 404 3344 "-" "Mozilla/5.0 (Windows NT 10.0; Win64; x64) AppleWebKit/537.36 (KHTML, like Gecko) Chrome/95.0.4638.69 Safari/537.36"
 - - [10/Nov/2023:04:51:52 +0000] "GET //test/wp-includes/wlwmanifest.xml HTTP/1.0" 404 3347 "-" "Mozilla/5.0 (Windows NT 10.0; Win64; x64) AppleWebKit/537.36 (KHTML, like Gecko) Chrome/95.0.4638.69 Safari/537.36"
 - - [10/Nov/2023:04:51:52 +0000] "GET //site/wp-includes/wlwmanifest.xml HTTP/1.0" 404 3347 "-" "Mozilla/5.0 (Windows NT 10.0; Win64; x64) AppleWebKit/537.36 (KHTML, like Gecko) Chrome/95.0.4638.69 Safari/537.36"
 - - [10/Nov/2023:04:51:52 +0000] "GET //cms/wp-includes/wlwmanifest.xml HTTP/1.0" 404 3344 "-" "Mozilla/5.0 (Windows NT 10.0; Win64; x64) AppleWebKit/537.36 (KHTML, like Gecko) Chrome/95.0.4638.69 Safari/537.36"
 - - [10/Nov/2023:05:13:08 +0000] "GET / HTTP/1.0" 302 0 "-" "Mozilla/5.0 (Linux; Android 10; SM-G981B) AppleWebKit/537.36 (KHTML, like Gecko) Chrome/80.0.3987.162 Mobile Safari/537.36"
 - - [10/Nov/2023:05:13:08 +0000] "GET /login/?next=/ HTTP/1.0" 200 697 "-" "Mozilla/5.0 (Linux; Android 10; SM-G981B) AppleWebKit/537.36 (KHTML, like Gecko) Chrome/80.0.3987.162 Mobile Safari/537.36"
 - - [10/Nov/2023:05:36:39 +0000] "GET / HTTP/1.0" 302 0 "-" "Mozilla/5.0 (X11; Linux i686; rv:5.0) Gecko/20100101 Firefox/5.0"
 - - [10/Nov/2023:06:49:37 +0000] "GET / HTTP/1.0" 302 0 "-" "python-requests/2.25.1"
 - - [10/Nov/2023:06:49:37 +0000] "GET /login/?next=/ HTTP/1.0" 200 697 "-" "python-requests/2.25.1"
 - - [10/Nov/2023:06:57:18 +0000] "GET / HTTP/1.0" 400 57605 "-" "Mozilla/5.0 (Windows NT 10.0; Win64; x64) AppleWebKit/537.36 (KHTML, like Gecko) Chrome/60.0.3112.113 Safari/537.36"
 - - [10/Nov/2023:07:09:16 +0000] "GET / HTTP/1.0" 302 0 "-" "Mozilla/5.0 (Windows NT 10.0; Win64; x64) AppleWebKit/537.36 (KHTML, like Gecko) Chrome/88.0.4240.193 Safari/537.36"
 - - [10/Nov/2023:07:09:16 +0000] "GET //wp-includes/wlwmanifest.xml HTTP/1.0" 404 3332 "-" "Mozilla/5.0 (Windows NT 10.0; Win64; x64) AppleWebKit/537.36 (KHTML, like Gecko) Chrome/88.0.4240.193 Safari/537.36"
 - - [10/Nov/2023:07:09:16 +0000] "GET //xmlrpc.php?rsd HTTP/1.0" 404 3285 "-" "Mozilla/5.0 (Windows NT 10.0; Win64; x64) AppleWebKit/537.36 (KHTML, like Gecko) Chrome/88.0.4240.193 Safari/537.36"
 - - [10/Nov/2023:07:09:16 +0000] "GET / HTTP/1.0" 302 0 "-" "Mozilla/5.0 (Windows NT 10.0; Win64; x64) AppleWebKit/537.36 (KHTML, like Gecko) Chrome/88.0.4240.193 Safari/537.36"
 - - [10/Nov/2023:07:09:16 +0000] "GET //blog/wp-includes/wlwmanifest.xml HTTP/1.0" 404 3347 "-" "Mozilla/5.0 (Windows NT 10.0; Win64; x64) AppleWebKit/537.36 (KHTML, like Gecko) Chrome/88.0.4240.193 Safari/537.36"
 - - [10/Nov/2023:07:09:16 +0000] "GET //web/wp-includes/wlwmanifest.xml HTTP/1.0" 404 3344 "-" "Mozilla/5.0 (Windows NT 10.0; Win64; x64) AppleWebKit/537.36 (KHTML, like Gecko) Chrome/88.0.4240.193 Safari/537.36"
 - - [10/Nov/2023:07:09:16 +0000] "GET //wordpress/wp-includes/wlwmanifest.xml HTTP/1.0" 404 3362 "-" "Mozilla/5.0 (Windows NT 10.0; Win64; x64) AppleWebKit/537.36 (KHTML, like Gecko) Chrome/88.0.4240.193 Safari/537.36"
 - - [10/Nov/2023:07:09:16 +0000] "GET //website/wp-includes/wlwmanifest.xml HTTP/1.0" 404 3356 "-" "Mozilla/5.0 (Windows NT 10.0; Win64; x64) AppleWebKit/537.36 (KHTML, like Gecko) Chrome/88.0.4240.193 Safari/537.36"
 - - [10/Nov/2023:07:09:16 +0000] "GET //wp/wp-includes/wlwmanifest.xml HTTP/1.0" 404 3341 "-" "Mozilla/5.0 (Windows NT 10.0; Win64; x64) AppleWebKit/537.36 (KHTML, like Gecko) Chrome/88.0.4240.193 Safari/537.36"
 - - [10/Nov/2023:07:09:17 +0000] "GET //news/wp-includes/wlwmanifest.xml HTTP/1.0" 404 3347 "-" "Mozilla/5.0 (Windows NT 10.0; Win64; x64) AppleWebKit/537.36 (KHTML, like Gecko) Chrome/88.0.4240.193 Safari/537.36"
 - - [10/Nov/2023:07:09:17 +0000] "GET //2020/wp-includes/wlwmanifest.xml HTTP/1.0" 404 3347 "-" "Mozilla/5.0 (Windows NT 10.0; Win64; x64) AppleWebKit/537.36 (KHTML, like Gecko) Chrome/88.0.4240.193 Safari/537.36"
 - - [10/Nov/2023:07:09:17 +0000] "GET //2019/wp-includes/wlwmanifest.xml HTTP/1.0" 404 3347 "-" "Mozilla/5.0 (Windows NT 10.0; Win64; x64) AppleWebKit/537.36 (KHTML, like Gecko) Chrome/88.0.4240.193 Safari/537.36"
 - - [10/Nov/2023:07:09:17 +0000] "GET //shop/wp-includes/wlwmanifest.xml HTTP/1.0" 404 3347 "-" "Mozilla/5.0 (Windows NT 10.0; Win64; x64) AppleWebKit/537.36 (KHTML, like Gecko) Chrome/88.0.4240.193 Safari/537.36"
 - - [10/Nov/2023:07:09:17 +0000] "GET //wp1/wp-includes/wlwmanifest.xml HTTP/1.0" 404 3344 "-" "Mozilla/5.0 (Windows NT 10.0; Win64; x64) AppleWebKit/537.36 (KHTML, like Gecko) Chrome/88.0.4240.193 Safari/537.36"
 - - [10/Nov/2023:07:09:17 +0000] "GET //test/wp-includes/wlwmanifest.xml HTTP/1.0" 404 3347 "-" "Mozilla/5.0 (Windows NT 10.0; Win64; x64) AppleWebKit/537.36 (KHTML, like Gecko) Chrome/88.0.4240.193 Safari/537.36"
 - - [10/Nov/2023:07:09:17 +0000] "GET //wp2/wp-includes/wlwmanifest.xml HTTP/1.0" 404 3344 "-" "Mozilla/5.0 (Windows NT 10.0; Win64; x64) AppleWebKit/537.36 (KHTML, like Gecko) Chrome/88.0.4240.193 Safari/537.36"
 - - [10/Nov/2023:07:09:17 +0000] "GET //site/wp-includes/wlwmanifest.xml HTTP/1.0" 404 3347 "-" "Mozilla/5.0 (Windows NT 10.0; Win64; x64) AppleWebKit/537.36 (KHTML, like Gecko) Chrome/88.0.4240.193 Safari/537.36"
 - - [10/Nov/2023:07:09:17 +0000] "GET //cms/wp-includes/wlwmanifest.xml HTTP/1.0" 404 3344 "-" "Mozilla/5.0 (Windows NT 10.0; Win64; x64) AppleWebKit/537.36 (KHTML, like Gecko) Chrome/88.0.4240.193 Safari/537.36"
 - - [10/Nov/2023:07:09:18 +0000] "GET //sito/wp-includes/wlwmanifest.xml HTTP/1.0" 404 3347 "-" "Mozilla/5.0 (Windows NT 10.0; Win64; x64) AppleWebKit/537.36 (KHTML, like Gecko) Chrome/88.0.4240.193 Safari/537.36"
 - - [10/Nov/2023:07:13:29 +0000] "GET / HTTP/1.0" 302 0 "-" "Java/11.0.21"
 - - [10/Nov/2023:07:13:30 +0000] "GET /login/?next=/ HTTP/1.0" 200 697 "-" "Java/11.0.21"
 - - [10/Nov/2023:07:13:30 +0000] "GET / HTTP/1.0" 302 0 "-" "Mozilla/5.0 (X11; Linux x86_64) AppleWebKit/537.36 (KHTML, like Gecko) HeadlessChrome/104.0.5112.101 Safari/537.36"
 - - [10/Nov/2023:07:13:30 +0000] "GET /login/?next=/ HTTP/1.0" 200 697 "-" "Mozilla/5.0 (X11; Linux x86_64) AppleWebKit/537.36 (KHTML, like Gecko) HeadlessChrome/104.0.5112.101 Safari/537.36"
 - - [10/Nov/2023:08:09:52 +0000] "GET / HTTP/1.0" 302 0 "-" "Mozilla/5.0 (X11; Linux i686; rv:10.0) Gecko/20100101 Firefox/10.0"
 - - [10/Nov/2023:08:09:52 +0000] "GET /login/?next=/ HTTP/1.0" 200 697 "-" "Mozilla/5.0 (X11; Linux i686; rv:10.0) Gecko/20100101 Firefox/10.0"
 - - [10/Nov/2023:08:09:53 +0000] "GET / HTTP/1.0" 302 0 "-" "Mozilla/5.0 (X11; Linux i686; rv:10.0) Gecko/20100101 Firefox/10.0"
 - - [10/Nov/2023:08:09:53 +0000] "GET /login/?next=/ HTTP/1.0" 200 697 "-" "Mozilla/5.0 (X11; Linux i686; rv:10.0) Gecko/20100101 Firefox/10.0"
 - - [10/Nov/2023:08:29:58 +0000] "GET / HTTP/1.0" 302 0 "http://nakanishi-room.com" "Mozilla/5.0 (iPhone; CPU iPhone OS 13_2_3 like Mac OS X) AppleWebKit/605.1.15 (KHTML, like Gecko) Version/13.0.3 Mobile/15E148 Safari/604.1"
 - - [10/Nov/2023:08:30:01 +0000] "GET /login/?next=/ HTTP/1.0" 200 697 "https://nakanishi-room.com/" "Mozilla/5.0 (iPhone; CPU iPhone OS 13_2_3 like Mac OS X) AppleWebKit/605.1.15 (KHTML, like Gecko) Version/13.0.3 Mobile/15E148 Safari/604.1"
 - - [10/Nov/2023:08:43:49 +0000] "GET / HTTP/1.0" 302 0 "-" "python-requests/2.25.1"
 - - [10/Nov/2023:08:43:49 +0000] "GET /login/?next=/ HTTP/1.0" 200 697 "-" "python-requests/2.25.1"
 - - [10/Nov/2023:08:44:54 +0000] "GET / HTTP/1.0" 302 0 "-" "Mozilla/5.0 (Linux; Android 10) AppleWebKit/537.36 (KHTML, like Gecko) Version/4.0 Chrome/83.0.4103.101 Mobile Safari/537.36 DuckDuckGo/5"
 - - [10/Nov/2023:08:44:55 +0000] "GET /login/?next=/ HTTP/1.0" 200 697 "https://nakanishi-room.com" "Mozilla/5.0 (Linux; Android 10) AppleWebKit/537.36 (KHTML, like Gecko) Version/4.0 Chrome/83.0.4103.101 Mobile Safari/537.36 DuckDuckGo/5"
 - - [10/Nov/2023:08:52:24 +0000] "GET / HTTP/1.0" 302 0 "-" "Mozilla/5.0 (Windows NT 10.0; WOW64) AppleWebKit/537.36 (KHTML, like Gecko) Chrome/98.0.4758.119 YaBrowser/22.3.0.2539 Yowser/2.5 Safari/537.36"
 - - [10/Nov/2023:09:06:06 +0000] "GET /robots.txt HTTP/1.0" 404 3278 "http://nakanishi-room.com/robots.txt" "Mozilla/5.0 (Windows NT 10.0; Win64; x64) AppleWebKit/537.36 (KHTML, like Gecko) Chrome/103.0.5060.114 Safari/537.36"
 - - [10/Nov/2023:09:06:08 +0000] "GET /humans.txt HTTP/1.0" 404 3278 "http://nakanishi-room.com/humans.txt" "Mozilla/5.0 (Windows NT 10.0; Win64; x64) AppleWebKit/537.36 (KHTML, like Gecko) Chrome/103.0.5060.114 Safari/537.36"
 - - [10/Nov/2023:09:06:09 +0000] "GET /ads.txt HTTP/1.0" 404 3269 "http://nakanishi-room.com/ads.txt" "Mozilla/5.0 (Windows NT 10.0; Win64; x64) AppleWebKit/537.36 (KHTML, like Gecko) Chrome/103.0.5060.114 Safari/537.36"
 - - [10/Nov/2023:09:06:11 +0000] "GET / HTTP/1.0" 302 0 "http://nakanishi-room.com/" "Mozilla/5.0 (Windows NT 10.0; Win64; x64) AppleWebKit/537.36 (KHTML, like Gecko) Chrome/103.0.5060.114 Safari/537.36"
 - - [10/Nov/2023:09:06:12 +0000] "GET /login/?next=/ HTTP/1.0" 200 697 "https://nakanishi-room.com/" "Mozilla/5.0 (Windows NT 10.0; Win64; x64) AppleWebKit/537.36 (KHTML, like Gecko) Chrome/103.0.5060.114 Safari/537.36"
 - - [10/Nov/2023:09:14:10 +0000] "GET / HTTP/1.0" 302 0 "http://nakanishi-room.com/" "Mozilla/5.0 (X11; Linux x86_64) AppleWebKit/537.36 (KHTML, like Gecko) Chrome/76.0.3809.100 Safari/537.36"
 - - [10/Nov/2023:09:14:10 +0000] "GET / HTTP/1.0" 302 0 "http://nakanishi-room.com/" "Mozilla/5.0 (X11; Linux x86_64) AppleWebKit/537.36 (KHTML, like Gecko) Chrome/76.0.3809.100 Safari/537.36"
 - - [10/Nov/2023:09:14:11 +0000] "GET /login/?next=/ HTTP/1.0" 200 697 "https://nakanishi-room.com/" "Mozilla/5.0 (X11; Linux x86_64) AppleWebKit/537.36 (KHTML, like Gecko) Chrome/76.0.3809.100 Safari/537.36"
 - - [10/Nov/2023:09:14:11 +0000] "GET /login/?next=/ HTTP/1.0" 200 697 "https://nakanishi-room.com/" "Mozilla/5.0 (X11; Linux x86_64) AppleWebKit/537.36 (KHTML, like Gecko) Chrome/76.0.3809.100 Safari/537.36"
 - - [10/Nov/2023:09:27:09 +0000] "GET /robots.txt HTTP/1.0" 404 3278 "-" "Mozilla/5.0 (compatible; AhrefsBot/7.0; +http://ahrefs.com/robot/)"
 - - [10/Nov/2023:09:34:34 +0000] "GET / HTTP/1.0" 302 0 "http://nakanishi-room.com" "Mozilla/5.0 (iPhone; CPU iPhone OS 13_2_3 like Mac OS X) AppleWebKit/605.1.15 (KHTML, like Gecko) Version/13.0.3 Mobile/15E148 Safari/604.1"
 - - [10/Nov/2023:09:34:40 +0000] "GET /login/?next=/ HTTP/1.0" 200 697 "https://nakanishi-room.com/" "Mozilla/5.0 (iPhone; CPU iPhone OS 13_2_3 like Mac OS X) AppleWebKit/605.1.15 (KHTML, like Gecko) Version/13.0.3 Mobile/15E148 Safari/604.1"
 - - [10/Nov/2023:09:56:37 +0000] "GET / HTTP/1.0" 400 57494 "-" "Mozilla/5.0 (Windows NT 6.1; WOW64; rv:8.0) Gecko/20100101 Firefox/8.0"
